<?xml version="1.0" encoding="UTF-8"?>
<testng-results ignored="0" total="1" passed="1" failed="0" skipped="0">
  <reporter-output>
  </reporter-output>
  <suite started-at="2023-07-13T08:30:19Z" name="Default suite" finished-at="2023-07-13T08:30:19Z" duration-ms="114">
    <groups>
    </groups>
    <test started-at="2023-07-13T08:30:19Z" name="Default test" finished-at="2023-07-13T08:30:19Z" duration-ms="114">
      <class name="jenkreal.sampTest">
        <test-method signature="meTest()[pri:0, instance:jenkreal.sampTest@7ceb3185]" started-at="2023-07-13T08:30:19Z" name="meTest" finished-at="2023-07-13T08:30:19Z" duration-ms="28" status="PASS">
          <reporter-output>
          </reporter-output>
        </test-method> <!-- meTest -->
      </class> <!-- jenkreal.sampTest -->
    </test> <!-- Default test -->
  </suite> <!-- Default suite -->
</testng-results>
